<?xml version="1.0" encoding="UTF-8"?>
<!-- Generated by org.testng.reporters.JUnitXMLReporter -->
<testsuite ignored="0" hostname="LAPTOP-20SHTRE1" failures="1" tests="2" name="Base" time="18.96" errors="0" timestamp="2022-01-07T00:04:16 IST">
  <testcase classname="Firstproject.E2E.Base_page_navigation" name="Go_home" time="7.759"/>
  <testcase classname="Firstproject.E2E.Base_page_navigation" name="gettitle" time="0.063">
    <failure type="java.lang.AssertionError" message="expected [Flipkart] but found [Online Shopping Site for Mobiles, Electronics, Furniture, Grocery, Lifestyle, Books &amp;amp; More. Best Offers!]">
      <![CDATA[java.lang.AssertionError: expected [Flipkart] but found [Online Shopping Site for Mobiles, Electronics, Furniture, Grocery, Lifestyle, Books & More. Best Offers!]
at Firstproject.E2E.Base_page_navigation.gettitle(Base_page_navigation.java:42)
at java.base/java.util.ArrayList.forEach(ArrayList.java:1511)
at java.base/java.util.concurrent.FutureTask.run(FutureTask.java:264)
at java.base/java.util.concurrent.ThreadPoolExecutor.runWorker(ThreadPoolExecutor.java:1136)
at java.base/java.util.concurrent.ThreadPoolExecutor$Worker.run(ThreadPoolExecutor.java:635)
at java.base/java.lang.Thread.run(Thread.java:833)
... Removed 24 stack frames]]>
    </failure>
  </testcase> <!-- gettitle -->
</testsuite> <!-- Base -->
