<?xml version="1.0" encoding="UTF-8"?>
<!-- Generated by org.testng.reporters.JUnitXMLReporter -->
<testsuite ignored="0" hostname="LAPTOP-20SHTRE1" failures="0" tests="5" name="excel search" time="33.223" errors="0" timestamp="2022-01-07T00:04:30 IST">
  <testcase classname="Firstproject.E2E.Search_excel" name="Go_home" time="8.154"/>
  <testcase classname="Firstproject.E2E.Search_excel" name="search_excel" time="3.128"/>
  <testcase classname="Firstproject.E2E.Search_excel" name="search_excel" time="3.415"/>
  <testcase classname="Firstproject.E2E.Search_excel" name="search_excel" time="2.666"/>
  <testcase classname="Firstproject.E2E.Search_excel" name="search_excel" time="2.738"/>
</testsuite> <!-- excel search -->
