<?xml version="1.0" encoding="UTF-8"?>
<!-- Generated by org.testng.reporters.JUnitXMLReporter -->
<testsuite ignored="0" hostname="LAPTOP-20SHTRE1" failures="0" tests="3" name="Login" time="32.846" errors="0" timestamp="2022-01-07T00:04:30 IST">
  <testcase classname="Firstproject.E2E.Login_check" name="Go_home" time="7.37"/>
  <testcase classname="Firstproject.E2E.Login_check" name="logincheck" time="8.198"/>
  <testcase classname="Firstproject.E2E.Login_check" name="topofffers_click" time="0.332"/>
</testsuite> <!-- Login -->
