<?xml version="1.0" encoding="UTF-8"?>
<!-- Generated by org.testng.reporters.JUnitXMLReporter -->
<testsuite ignored="0" hostname="LAPTOP-20SHTRE1" failures="0" tests="4" name="Search" time="31.634" errors="0" timestamp="2022-01-07T00:04:28 IST">
  <testcase classname="Firstproject.E2E.Search" name="Go_home" time="8.406"/>
  <testcase classname="Firstproject.E2E.Search" name="search" time="3.238"/>
  <testcase classname="Firstproject.E2E.Search" name="search" time="3.126"/>
  <testcase classname="Firstproject.E2E.Search" name="search" time="2.822"/>
</testsuite> <!-- Search -->
