<?xml version="1.0" encoding="UTF-8"?>
<!-- Generated by org.testng.reporters.JUnitXMLReporter -->
<testsuite ignored="0" hostname="LAPTOP-20SHTRE1" failures="0" tests="7" name="Test" time="46.146" errors="0" timestamp="2022-01-04T12:42:02 IST">
  <testcase classname="Firstproject.E2E.Login_check" name="Go_home" time="3.9"/>
  <testcase classname="Firstproject.E2E.Login_check" name="logincheck" time="8.715"/>
  <testcase classname="Firstproject.E2E.Base_page_navigation" name="Go_home" time="2.689"/>
  <testcase classname="Firstproject.E2E.Search" name="Go_home" time="3.11"/>
  <testcase classname="Firstproject.E2E.Search" name="search" time="2.483"/>
  <testcase classname="Firstproject.E2E.Search" name="search" time="2.323"/>
  <testcase classname="Firstproject.E2E.Search" name="search" time="2.3"/>
</testsuite> <!-- Test -->
