<?xml version="1.0" encoding="UTF-8"?>
<testsuite xmlns:xsi="http://www.w3.org/2001/XMLSchema-instance" xsi:noNamespaceSchemaLocation="https://maven.apache.org/surefire/maven-surefire-plugin/xsd/surefire-test-report.xsd" name="TestSuite" time="34.402" tests="14" errors="0" skipped="0" failures="1">
  <properties>
[...]
</properties>
  <testcase name="Go_home" classname="Firstproject.E2E.Base_page_navigation" time="8.111"/>
  <testcase name="Go_home" classname="Firstproject.E2E.Login_check" time="0"/>
  <testcase name="Go_home" classname="Firstproject.E2E.Search_excel" time="0.001"/>
  <testcase name="gettitle" classname="Firstproject.E2E.Base_page_navigation" time="0.053">
    <failure message="expected [Flipkart] but found [Online Shopping Site for Mobiles, Electronics, Furniture, Grocery, Lifestyle, Books &amp; More. Best Offers!]" type="java.lang.AssertionError"><![CDATA[java.lang.AssertionError: expected [Flipkart] but found [Online Shopping Site for Mobiles, Electronics, Furniture, Grocery, Lifestyle, Books & More. Best Offers!]
	at Firstproject.E2E.Base_page_navigation.gettitle(Base_page_navigation.java:42)
]]></failure>
  </testcase>
  <testcase name="Go_home" classname="Firstproject.E2E.Search" time="0.332"/>
  <testcase name="search_excel" classname="Firstproject.E2E.Search_excel" time="3.19"/>
  <testcase name="search_excel" classname="Firstproject.E2E.Search_excel" time="2.708"/>
  <testcase name="search_excel" classname="Firstproject.E2E.Search_excel" time="2.27"/>
  <testcase name="search_excel" classname="Firstproject.E2E.Search_excel" time="1.444"/>
  <testcase name="search" classname="Firstproject.E2E.Search" time="1.315"/>
  <testcase name="search" classname="Firstproject.E2E.Search" time="0.73"/>
  <testcase name="search" classname="Firstproject.E2E.Search" time="0.895"/>
  <testcase name="logincheck" classname="Firstproject.E2E.Login_check" time="1.573"/>
  <testcase name="topofffers_click" classname="Firstproject.E2E.Login_check" time="0.968"/>
</testsuite>