<?xml version="1.0" encoding="UTF-8"?>
<testng-results ignored="0" total="14" passed="13" failed="1" skipped="0">
  <reporter-output>
  </reporter-output>
  <suite started-at="2022-01-07T00:03:57 IST" name="Suite" finished-at="2022-01-07T00:04:30 IST" duration-ms="33224">
    <groups>
    </groups>
    <test started-at="2022-01-07T00:03:57 IST" name="Base" finished-at="2022-01-07T00:04:16 IST" duration-ms="18960">
      <class name="Firstproject.E2E.Base_page_navigation">
        <test-method is-config="true" signature="intializedriver()[pri:0, instance:Firstproject.E2E.Base_page_navigation@5fbe4146]" started-at="2022-01-07T00:03:57 IST" name="intializedriver" finished-at="2022-01-07T00:04:01 IST" duration-ms="4514" status="PASS">
          <reporter-output>
          </reporter-output>
        </test-method> <!-- intializedriver -->
        <test-method signature="Go_home()[pri:0, instance:Firstproject.E2E.Base_page_navigation@5fbe4146]" started-at="2022-01-07T00:04:01 IST" name="Go_home" finished-at="2022-01-07T00:04:09 IST" duration-ms="7759" status="PASS">
          <reporter-output>
          </reporter-output>
        </test-method> <!-- Go_home -->
        <test-method signature="gettitle()[pri:0, instance:Firstproject.E2E.Base_page_navigation@5fbe4146]" started-at="2022-01-07T00:04:10 IST" name="gettitle" finished-at="2022-01-07T00:04:10 IST" duration-ms="63" status="FAIL">
          <exception class="java.lang.AssertionError">
            <message>
              <![CDATA[expected [Flipkart] but found [Online Shopping Site for Mobiles, Electronics, Furniture, Grocery, Lifestyle, Books & More. Best Offers!]]]>
            </message>
            <full-stacktrace>
              <![CDATA[java.lang.AssertionError: expected [Flipkart] but found [Online Shopping Site for Mobiles, Electronics, Furniture, Grocery, Lifestyle, Books & More. Best Offers!]
at org.testng.Assert.fail(Assert.java:99)
at org.testng.Assert.failNotEquals(Assert.java:1037)
at org.testng.Assert.assertEqualsImpl(Assert.java:140)
at org.testng.Assert.assertEquals(Assert.java:122)
at org.testng.Assert.assertEquals(Assert.java:629)
at org.testng.Assert.assertEquals(Assert.java:639)
at Firstproject.E2E.Base_page_navigation.gettitle(Base_page_navigation.java:42)
at java.base/jdk.internal.reflect.NativeMethodAccessorImpl.invoke0(Native Method)
at java.base/jdk.internal.reflect.NativeMethodAccessorImpl.invoke(NativeMethodAccessorImpl.java:77)
at java.base/jdk.internal.reflect.DelegatingMethodAccessorImpl.invoke(DelegatingMethodAccessorImpl.java:43)
at java.base/java.lang.reflect.Method.invoke(Method.java:568)
at org.testng.internal.MethodInvocationHelper.invokeMethod(MethodInvocationHelper.java:133)
at org.testng.internal.TestInvoker.invokeMethod(TestInvoker.java:598)
at org.testng.internal.TestInvoker.invokeTestMethod(TestInvoker.java:173)
at org.testng.internal.MethodRunner.runInSequence(MethodRunner.java:46)
at org.testng.internal.TestInvoker$MethodInvocationAgent.invoke(TestInvoker.java:824)
at org.testng.internal.TestInvoker.invokeTestMethods(TestInvoker.java:146)
at org.testng.internal.TestMethodWorker.invokeTestMethods(TestMethodWorker.java:146)
at org.testng.internal.TestMethodWorker.run(TestMethodWorker.java:128)
at java.base/java.util.ArrayList.forEach(ArrayList.java:1511)
at org.testng.TestRunner.privateRun(TestRunner.java:794)
at org.testng.TestRunner.run(TestRunner.java:596)
at org.testng.SuiteRunner.runTest(SuiteRunner.java:377)
at org.testng.SuiteRunner.access$000(SuiteRunner.java:28)
at org.testng.SuiteRunner$SuiteWorker.run(SuiteRunner.java:418)
at org.testng.internal.thread.ThreadUtil.lambda$execute$0(ThreadUtil.java:64)
at java.base/java.util.concurrent.FutureTask.run(FutureTask.java:264)
at java.base/java.util.concurrent.ThreadPoolExecutor.runWorker(ThreadPoolExecutor.java:1136)
at java.base/java.util.concurrent.ThreadPoolExecutor$Worker.run(ThreadPoolExecutor.java:635)
at java.base/java.lang.Thread.run(Thread.java:833)
]]>
            </full-stacktrace>
          </exception> <!-- java.lang.AssertionError -->
          <reporter-output>
          </reporter-output>
        </test-method> <!-- gettitle -->
        <test-method is-config="true" signature="aftertest()[pri:0, instance:Firstproject.E2E.Base_page_navigation@5fbe4146]" started-at="2022-01-07T00:04:11 IST" name="aftertest" finished-at="2022-01-07T00:04:16 IST" duration-ms="4852" status="PASS">
          <reporter-output>
          </reporter-output>
        </test-method> <!-- aftertest -->
      </class> <!-- Firstproject.E2E.Base_page_navigation -->
    </test> <!-- Base -->
    <test started-at="2022-01-07T00:03:57 IST" name="Search" finished-at="2022-01-07T00:04:28 IST" duration-ms="31634">
      <class name="Firstproject.E2E.Search">
        <test-method is-config="true" signature="intializedriver()[pri:0, instance:Firstproject.E2E.Search@3f56875e]" started-at="2022-01-07T00:03:57 IST" name="intializedriver" finished-at="2022-01-07T00:04:03 IST" duration-ms="5931" status="PASS">
          <reporter-output>
          </reporter-output>
        </test-method> <!-- intializedriver -->
        <test-method signature="Go_home()[pri:0, instance:Firstproject.E2E.Search@3f56875e]" started-at="2022-01-07T00:04:03 IST" name="Go_home" finished-at="2022-01-07T00:04:11 IST" duration-ms="8406" status="PASS">
          <reporter-output>
          </reporter-output>
        </test-method> <!-- Go_home -->
        <test-method signature="search(java.lang.String)[pri:0, instance:Firstproject.E2E.Search@3f56875e]" started-at="2022-01-07T00:04:13 IST" name="search" data-provider="searchdata" finished-at="2022-01-07T00:04:16 IST" duration-ms="3238" status="PASS">
          <params>
            <param index="0">
              <value>
                <![CDATA[realme3pro]]>
              </value>
            </param>
          </params>
          <reporter-output>
          </reporter-output>
        </test-method> <!-- search -->
        <test-method signature="search(java.lang.String)[pri:0, instance:Firstproject.E2E.Search@3f56875e]" started-at="2022-01-07T00:04:17 IST" name="search" data-provider="searchdata" finished-at="2022-01-07T00:04:20 IST" duration-ms="3126" status="PASS">
          <params>
            <param index="0">
              <value>
                <![CDATA[Samsungs20]]>
              </value>
            </param>
          </params>
          <reporter-output>
          </reporter-output>
        </test-method> <!-- search -->
        <test-method signature="search(java.lang.String)[pri:0, instance:Firstproject.E2E.Search@3f56875e]" started-at="2022-01-07T00:04:20 IST" name="search" data-provider="searchdata" finished-at="2022-01-07T00:04:23 IST" duration-ms="2822" status="PASS">
          <params>
            <param index="0">
              <value>
                <![CDATA[Redmi]]>
              </value>
            </param>
          </params>
          <reporter-output>
          </reporter-output>
        </test-method> <!-- search -->
        <test-method is-config="true" signature="aftertest()[pri:0, instance:Firstproject.E2E.Search@3f56875e]" started-at="2022-01-07T00:04:24 IST" name="aftertest" finished-at="2022-01-07T00:04:28 IST" duration-ms="4840" status="PASS">
          <reporter-output>
          </reporter-output>
        </test-method> <!-- aftertest -->
      </class> <!-- Firstproject.E2E.Search -->
    </test> <!-- Search -->
    <test started-at="2022-01-07T00:03:57 IST" name="Login" finished-at="2022-01-07T00:04:30 IST" duration-ms="32846">
      <class name="Firstproject.E2E.Login_check">
        <test-method is-config="true" signature="intializedriver()[pri:0, instance:Firstproject.E2E.Login_check@623a8092]" started-at="2022-01-07T00:03:57 IST" name="intializedriver" finished-at="2022-01-07T00:04:02 IST" duration-ms="5030" status="PASS">
          <reporter-output>
          </reporter-output>
        </test-method> <!-- intializedriver -->
        <test-method signature="Go_home()[pri:0, instance:Firstproject.E2E.Login_check@623a8092]" started-at="2022-01-07T00:04:02 IST" name="Go_home" finished-at="2022-01-07T00:04:09 IST" duration-ms="7370" status="PASS">
          <reporter-output>
          </reporter-output>
        </test-method> <!-- Go_home -->
        <test-method signature="logincheck(java.lang.String,java.lang.String)[pri:0, instance:Firstproject.E2E.Login_check@623a8092]" started-at="2022-01-07T00:04:10 IST" name="logincheck" data-provider="getdata" finished-at="2022-01-07T00:04:18 IST" duration-ms="8198" status="PASS">
          <params>
            <param index="0">
              <value>
                <![CDATA[9994704312]]>
              </value>
            </param>
            <param index="1">
              <value>
                <![CDATA[Ananth@123]]>
              </value>
            </param>
          </params>
          <reporter-output>
          </reporter-output>
        </test-method> <!-- logincheck -->
        <test-method signature="topofffers_click()[pri:0, instance:Firstproject.E2E.Login_check@623a8092]" started-at="2022-01-07T00:04:24 IST" name="topofffers_click" finished-at="2022-01-07T00:04:25 IST" duration-ms="332" status="PASS">
          <reporter-output>
          </reporter-output>
        </test-method> <!-- topofffers_click -->
        <test-method is-config="true" signature="aftertest()[pri:0, instance:Firstproject.E2E.Login_check@623a8092]" started-at="2022-01-07T00:04:25 IST" name="aftertest" finished-at="2022-01-07T00:04:30 IST" duration-ms="4406" status="PASS">
          <reporter-output>
          </reporter-output>
        </test-method> <!-- aftertest -->
      </class> <!-- Firstproject.E2E.Login_check -->
    </test> <!-- Login -->
    <test started-at="2022-01-07T00:03:57 IST" name="excel search" finished-at="2022-01-07T00:04:30 IST" duration-ms="33223">
      <class name="Firstproject.E2E.Base_page_navigation">
        <test-method is-config="true" signature="driverclose()[pri:0, instance:Firstproject.E2E.Base_page_navigation@5fbe4146]" started-at="2022-01-07T00:04:30 IST" name="driverclose" finished-at="2022-01-07T00:04:30 IST" duration-ms="1" status="PASS">
          <reporter-output>
          </reporter-output>
        </test-method> <!-- driverclose -->
      </class> <!-- Firstproject.E2E.Base_page_navigation -->
      <class name="Firstproject.E2E.Search_excel">
        <test-method is-config="true" signature="intializedriver()[pri:0, instance:Firstproject.E2E.Search_excel@36b4fe2a]" started-at="2022-01-07T00:03:57 IST" name="intializedriver" finished-at="2022-01-07T00:04:01 IST" duration-ms="4496" status="PASS">
          <reporter-output>
          </reporter-output>
        </test-method> <!-- intializedriver -->
        <test-method signature="Go_home()[pri:0, instance:Firstproject.E2E.Search_excel@36b4fe2a]" started-at="2022-01-07T00:04:01 IST" name="Go_home" finished-at="2022-01-07T00:04:10 IST" duration-ms="8154" status="PASS">
          <reporter-output>
          </reporter-output>
        </test-method> <!-- Go_home -->
        <test-method signature="search_excel(java.lang.String)[pri:0, instance:Firstproject.E2E.Search_excel@36b4fe2a]" started-at="2022-01-07T00:04:12 IST" name="search_excel" data-provider="excelsearchdata" finished-at="2022-01-07T00:04:15 IST" duration-ms="3128" status="PASS">
          <params>
            <param index="0">
              <value>
                <![CDATA[pocco]]>
              </value>
            </param>
          </params>
          <reporter-output>
          </reporter-output>
        </test-method> <!-- search_excel -->
        <test-method signature="search_excel(java.lang.String)[pri:0, instance:Firstproject.E2E.Search_excel@36b4fe2a]" started-at="2022-01-07T00:04:16 IST" name="search_excel" data-provider="excelsearchdata" finished-at="2022-01-07T00:04:19 IST" duration-ms="3415" status="PASS">
          <params>
            <param index="0">
              <value>
                <![CDATA[moto g20]]>
              </value>
            </param>
          </params>
          <reporter-output>
          </reporter-output>
        </test-method> <!-- search_excel -->
        <test-method signature="search_excel(java.lang.String)[pri:0, instance:Firstproject.E2E.Search_excel@36b4fe2a]" started-at="2022-01-07T00:04:20 IST" name="search_excel" data-provider="excelsearchdata" finished-at="2022-01-07T00:04:22 IST" duration-ms="2666" status="PASS">
          <params>
            <param index="0">
              <value>
                <![CDATA[Oneplus]]>
              </value>
            </param>
          </params>
          <reporter-output>
          </reporter-output>
        </test-method> <!-- search_excel -->
        <test-method signature="search_excel(java.lang.String)[pri:0, instance:Firstproject.E2E.Search_excel@36b4fe2a]" started-at="2022-01-07T00:04:23 IST" name="search_excel" data-provider="excelsearchdata" finished-at="2022-01-07T00:04:25 IST" duration-ms="2738" status="PASS">
          <params>
            <param index="0">
              <value>
                <![CDATA[mi 11 lite]]>
              </value>
            </param>
          </params>
          <reporter-output>
          </reporter-output>
        </test-method> <!-- search_excel -->
        <test-method is-config="true" signature="aftertest()[pri:0, instance:Firstproject.E2E.Search_excel@36b4fe2a]" started-at="2022-01-07T00:04:26 IST" name="aftertest" finished-at="2022-01-07T00:04:30 IST" duration-ms="4308" status="PASS">
          <reporter-output>
          </reporter-output>
        </test-method> <!-- aftertest -->
      </class> <!-- Firstproject.E2E.Search_excel -->
    </test> <!-- excel search -->
  </suite> <!-- Suite -->
</testng-results>
